PROCESS OBFUSCATION REPORT FOR cmdkey
- Generated on 2021-01-02T17:21:35.364722
- Command used      : cmdkey /list
- Insertion position:         ^
- Char ranges scanned: 0x0001..0xFFFE

:: Option Char Substitution
The following 1 commands were found to be working:
0x002D : cmdkey -list

:: Character Insertion
The following 2 commands were found to be working:
0x004C : cmdkey /Llist
0x006C : cmdkey /llist

:: Character Substitution
No alternative commands were found.

:: Quote Insertion
Inserting quotes in the first argument did not appear to be working.

:: Shorthand Commands
The following 3 commands were found to be working:
cmdkey /l
cmdkey /li
cmdkey /lis
