PROCESS OBFUSCATION REPORT FOR net
- Generated on 2020-11-29T00:38:17.078462
- Command used      : net share x=c:\ /remark:{random}
- Insertion position:                  ^
- Char ranges scanned: 0x0001..0xFFFE

:: Different dash/hyphens
No alternative commands were found.

:: Character Insertion
The following 1 commands were found to be working:
0x0022 : net share x=c:\ /"remark:{random}

:: Character Replacement
No alternative commands were found.

:: Quote Insertion
Inserting quotes in the first argument did work, such as:
net share x=c:\ /"r"emark:{random}

:: Shortened Commands
The following commands were found to be working:
net share x=c:\ /r:{random}
net share x=c:\ /re:{random}
net share x=c:\ /rem:{random}
net share x=c:\ /rema:{random}
net share x=c:\ /remar:{random}
